<?xml version="1.0" encoding="UTF-8"?>
<!-- Generated by org.testng.reporters.JUnitReportReporter -->
<testsuite hostname="DESKTOP-0FD3EQL" failures="0" tests="1" name="com.appium.test.AndroidAppTest" time="43.753" errors="0" timestamp="2024-10-27T02:41:40 BDT" skipped="0">
  <testcase classname="com.appium.test.AndroidAppTest" name="chaldalAppFunctionsTest" time="43.753"/>
  <system-out/>
</testsuite> <!-- com.appium.test.AndroidAppTest -->
