<?xml version="1.0" encoding="UTF-8"?>
<!-- Generated by org.testng.reporters.JUnitReportReporter -->
<testsuite hostname="DESKTOP-0FD3EQL" failures="0" tests="1" name="appium.main.BaseClass" time="3.292" errors="1" timestamp="2024-10-25T15:18:43 BDT" skipped="0">
  <testcase classname="appium.main.BaseClass" name="setup" time="3.292">
    <error message="Could not start a new session. Response code 500. Message: An unknown server-side error occurred while processing the command. Original error: Cannot download the app from http://127.0.0.1:4723/: Request failed with status code 404 
Host info: host: &#039;DESKTOP-0FD3EQL&#039;, ip: &#039;192.168.0.128&#039;
Build info: version: &#039;4.25.0&#039;, revision: &#039;8a8aea2337&#039;
System info: os.name: &#039;Windows 10&#039;, os.arch: &#039;amd64&#039;, os.version: &#039;10.0&#039;, java.version: &#039;21.0.1&#039;
Driver info: io.appium.java_client.android.AndroidDriver
Command: [null, newSession {capabilities=[Capabilities {appium:app: http://127.0.0.1:4723, appium:appActivity: com.chaldal.poached.MainAct..., appium:appPackage: com.android.vending, appium:automationName: UiAutomator2, appium:deviceName: localhost, appium:platformVersion: 9, platformName: ANDROID}]}]
Capabilities {appium:app: http://127.0.0.1:4723, appium:appActivity: com.chaldal.poached.MainAct..., appium:appPackage: com.android.vending, appium:automationName: UiAutomator2, appium:deviceName: localhost, appium:platformVersion: 9, platformName: ANDROID}" type="org.openqa.selenium.SessionNotCreatedException">
      <![CDATA[org.openqa.selenium.SessionNotCreatedException: Could not start a new session. Response code 500. Message: An unknown server-side error occurred while processing the command. Original error: Cannot download the app from http://127.0.0.1:4723/: Request failed with status code 404 
Host info: host: 'DESKTOP-0FD3EQL', ip: '192.168.0.128'
Build info: version: '4.25.0', revision: '8a8aea2337'
System info: os.name: 'Windows 10', os.arch: 'amd64', os.version: '10.0', java.version: '21.0.1'
Driver info: io.appium.java_client.android.AndroidDriver
Command: [null, newSession {capabilities=[Capabilities {appium:app: http://127.0.0.1:4723, appium:appActivity: com.chaldal.poached.MainAct..., appium:appPackage: com.android.vending, appium:automationName: UiAutomator2, appium:deviceName: localhost, appium:platformVersion: 9, platformName: ANDROID}]}]
Capabilities {appium:app: http://127.0.0.1:4723, appium:appActivity: com.chaldal.poached.MainAct..., appium:appPackage: com.android.vending, appium:automationName: UiAutomator2, appium:deviceName: localhost, appium:platformVersion: 9, platformName: ANDROID}
at org.openqa.selenium.remote.ProtocolHandshake.createSession(ProtocolHandshake.java:114)
at org.openqa.selenium.remote.ProtocolHandshake.createSession(ProtocolHandshake.java:75)
at org.openqa.selenium.remote.ProtocolHandshake.createSession(ProtocolHandshake.java:61)
at io.appium.java_client.remote.AppiumCommandExecutor.createSession(AppiumCommandExecutor.java:176)
at io.appium.java_client.remote.AppiumCommandExecutor.execute(AppiumCommandExecutor.java:237)
at org.openqa.selenium.remote.RemoteWebDriver.execute(RemoteWebDriver.java:545)
at io.appium.java_client.AppiumDriver.startSession(AppiumDriver.java:270)
at org.openqa.selenium.remote.RemoteWebDriver.<init>(RemoteWebDriver.java:174)
at io.appium.java_client.AppiumDriver.<init>(AppiumDriver.java:91)
at io.appium.java_client.AppiumDriver.<init>(AppiumDriver.java:114)
at io.appium.java_client.AppiumDriver.<init>(AppiumDriver.java:139)
at io.appium.java_client.android.AndroidDriver.<init>(AndroidDriver.java:232)
at appium.main.BaseClass.setup(BaseClass.java:27)
at java.base/jdk.internal.reflect.DirectMethodHandleAccessor.invoke(DirectMethodHandleAccessor.java:103)
at java.base/java.lang.reflect.Method.invoke(Method.java:580)
at org.testng.internal.MethodInvocationHelper.invokeMethod(MethodInvocationHelper.java:133)
at org.testng.internal.MethodInvocationHelper.invokeMethodConsideringTimeout(MethodInvocationHelper.java:62)
at org.testng.internal.ConfigInvoker.invokeConfigurationMethod(ConfigInvoker.java:385)
at org.testng.internal.ConfigInvoker.invokeConfigurations(ConfigInvoker.java:321)
at org.testng.TestRunner.invokeTestConfigurations(TestRunner.java:637)
at org.testng.TestRunner.beforeRun(TestRunner.java:627)
at org.testng.TestRunner.run(TestRunner.java:589)
at org.testng.SuiteRunner.runTest(SuiteRunner.java:377)
at org.testng.SuiteRunner.runSequentially(SuiteRunner.java:371)
at org.testng.SuiteRunner.privateRun(SuiteRunner.java:332)
at org.testng.SuiteRunner.run(SuiteRunner.java:276)
at org.testng.SuiteRunnerWorker.runSuite(SuiteRunnerWorker.java:53)
at org.testng.SuiteRunnerWorker.run(SuiteRunnerWorker.java:96)
at org.testng.TestNG.runSuitesSequentially(TestNG.java:1212)
at org.testng.TestNG.runSuitesLocally(TestNG.java:1134)
at org.testng.TestNG.runSuites(TestNG.java:1063)
at org.testng.TestNG.run(TestNG.java:1031)
at org.testng.remote.AbstractRemoteTestNG.run(AbstractRemoteTestNG.java:115)
at org.testng.remote.RemoteTestNG.initAndRun(RemoteTestNG.java:293)
at org.testng.remote.RemoteTestNG.main(RemoteTestNG.java:91)
]]>
    </error>
  </testcase> <!-- setup -->
  <system-out/>
</testsuite> <!-- appium.main.BaseClass -->
